  ProyectoFinal.cpp
C:\Users\d_arm\OneDrive\Escritorio\Repositorio\314308885_ProyectoFinal_Gpo12\ProyectoFinal\ProyectoFinal\ProyectoFinal.cpp(193,24): warning C4244: 'inicializando': conversión de 'double' a 'GLfloat'; posible pérdida de datos
C:\Users\d_arm\OneDrive\Escritorio\Repositorio\314308885_ProyectoFinal_Gpo12\ProyectoFinal\ProyectoFinal\ProyectoFinal.cpp(228,20): warning C4244: '=': conversión de 'double' a 'T'; posible pérdida de datos
          with
          [
              T=float
          ]
C:\Users\d_arm\OneDrive\Escritorio\Repositorio\314308885_ProyectoFinal_Gpo12\ProyectoFinal\ProyectoFinal\ProyectoFinal.cpp(229,20): warning C4244: '=': conversión de 'double' a 'T'; posible pérdida de datos
          with
          [
              T=float
          ]
C:\Users\d_arm\OneDrive\Escritorio\Repositorio\314308885_ProyectoFinal_Gpo12\ProyectoFinal\ProyectoFinal\ProyectoFinal.cpp(230,20): warning C4244: '=': conversión de 'double' a 'T'; posible pérdida de datos
          with
          [
              T=float
          ]
C:\Users\d_arm\OneDrive\Escritorio\Repositorio\314308885_ProyectoFinal_Gpo12\ProyectoFinal\ProyectoFinal\ProyectoFinal.cpp(340,23): warning C4244: '=': conversión de 'double' a 'float'; posible pérdida de datos
C:\Users\d_arm\OneDrive\Escritorio\Repositorio\314308885_ProyectoFinal_Gpo12\ProyectoFinal\ProyectoFinal\ProyectoFinal.cpp(504,11): warning C4244: '=': conversión de 'double' a 'GLfloat'; posible pérdida de datos
C:\Users\d_arm\OneDrive\Escritorio\Repositorio\314308885_ProyectoFinal_Gpo12\ProyectoFinal\ProyectoFinal\ProyectoFinal.cpp(505,11): warning C4244: '=': conversión de 'double' a 'GLfloat'; posible pérdida de datos
C:\Users\d_arm\OneDrive\Escritorio\Repositorio\314308885_ProyectoFinal_Gpo12\ProyectoFinal\ProyectoFinal\ProyectoFinal.cpp(509,18): warning C4244: 'inicializando': conversión de 'double' a 'GLfloat'; posible pérdida de datos
C:\Users\d_arm\OneDrive\Escritorio\Repositorio\314308885_ProyectoFinal_Gpo12\ProyectoFinal\ProyectoFinal\ProyectoFinal.cpp(510,18): warning C4244: 'inicializando': conversión de 'double' a 'GLfloat'; posible pérdida de datos
C:\Users\d_arm\OneDrive\Escritorio\Repositorio\314308885_ProyectoFinal_Gpo12\ProyectoFinal\ProyectoFinal\ProyectoFinal.cpp(512,10): warning C4244: '=': conversión de 'double' a 'GLfloat'; posible pérdida de datos
C:\Users\d_arm\OneDrive\Escritorio\Repositorio\314308885_ProyectoFinal_Gpo12\ProyectoFinal\ProyectoFinal\ProyectoFinal.cpp(513,10): warning C4244: '=': conversión de 'double' a 'GLfloat'; posible pérdida de datos
  ProyectoFinal.vcxproj -> C:\Users\d_arm\OneDrive\Escritorio\Repositorio\314308885_ProyectoFinal_Gpo12\ProyectoFinal\Debug\ProyectoFinal.exe
